2016/07/15 09:22:59 - INFO: Starting new HTTP connection (1): challengeland.co
2016/07/15 09:23:00 - DEBUG: Setting read timeout to None
2016/07/15 09:23:00 - DEBUG: "GET / HTTP/1.1" 200 None
2016/07/15 09:26:21 - INFO: Starting new HTTP connection (1): challengeland.co
2016/07/15 09:26:21 - DEBUG: Setting read timeout to None
2016/07/15 09:26:22 - DEBUG: "GET / HTTP/1.1" 200 None
2016/07/15 09:26:22 - INFO: x-xss-protection HTTP header is present in http://challengeland.co, Details=1; mode=block, CLOSE
2016/07/15 10:03:40 - INFO: Starting new HTTP connection (1): challengeland.co
2016/07/15 10:03:40 - DEBUG: Setting read timeout to None
2016/07/15 10:03:41 - DEBUG: "GET / HTTP/1.1" 200 None
2016/07/15 10:04:12 - INFO: Starting new HTTP connection (1): challengeland.co
2016/07/15 10:04:12 - DEBUG: Setting read timeout to None
2016/07/15 10:04:12 - DEBUG: "GET / HTTP/1.1" 200 None
2016/07/15 10:04:12 - INFO: x-xss-protection HTTP header http://challengeland.co, Details=1; mode=block, OPEN
2016/07/15 10:09:09 - INFO: Starting new HTTP connection (1): challengeland.co
2016/07/15 10:09:09 - DEBUG: Setting read timeout to None
2016/07/15 10:09:09 - DEBUG: "GET / HTTP/1.1" 200 None
2016/07/15 10:09:09 - INFO: x-xss-protection HTTP header http://challengeland.co, Details=1; mode=block, OPEN
2016/07/15 10:10:03 - INFO: Starting new HTTP connection (1): challengeland.co
2016/07/15 10:10:03 - DEBUG: Setting read timeout to None
2016/07/15 10:10:04 - DEBUG: "GET / HTTP/1.1" 200 None
2016/07/15 10:10:04 - INFO: x-xss-protection HTTP header http://challengeland.co, Details=1; mode=block, OPEN
2016/07/15 10:10:38 - INFO: Starting new HTTP connection (1): challengeland.co
2016/07/15 10:10:39 - DEBUG: Setting read timeout to None
2016/07/15 10:10:39 - DEBUG: "GET / HTTP/1.1" 200 None
2016/07/15 10:10:39 - INFO: x-xss-protection HTTP header http://challengeland.co, Details=1; mode=block, OPEN
2016/07/15 10:10:45 - INFO: Starting new HTTP connection (1): challengeland.co
2016/07/15 10:10:46 - DEBUG: Setting read timeout to None
2016/07/15 10:10:46 - DEBUG: "GET / HTTP/1.1" 200 None
2016/07/15 10:10:46 - INFO: x-xss-protection HTTP header http://challengeland.co, Details=1; mode=block, OPEN
2016/07/15 10:17:38 - INFO: Starting new HTTP connection (1): localhost
2016/07/15 10:17:38 - DEBUG: Setting read timeout to None
2016/07/15 10:17:38 - DEBUG: "GET /cursos HTTP/1.1" 301 232
2016/07/15 10:17:38 - DEBUG: Setting read timeout to None
2016/07/15 10:17:38 - DEBUG: "GET /cursos/ HTTP/1.1" 200 5
2016/07/15 10:17:38 - INFO: x-xss-protection HTTP header http://localhost/cursos, Details=0, OPEN
2016/07/15 10:23:52 - INFO: Starting new HTTP connection (1): localhost
2016/07/15 10:23:52 - DEBUG: Setting read timeout to None
2016/07/15 10:23:52 - DEBUG: "GET /cursos HTTP/1.1" 301 232
2016/07/15 10:23:52 - DEBUG: Setting read timeout to None
2016/07/15 10:23:52 - DEBUG: "GET /cursos/ HTTP/1.1" 200 5
2016/07/15 10:23:52 - INFO: x-xss-protection HTTP header http://localhost/cursos, Details=0, OPEN
2016/07/15 10:24:14 - INFO: Starting new HTTP connection (1): challengeland.co
2016/07/15 10:24:14 - DEBUG: Setting read timeout to None
2016/07/15 10:24:14 - DEBUG: "GET / HTTP/1.1" 200 None
2016/07/15 10:24:14 - INFO: x-xss-protection HTTP header http://challengeland.co, Details=1; mode=block, OPEN
2016/07/15 10:24:48 - INFO: Starting new HTTP connection (1): challengeland.co
2016/07/15 10:24:48 - DEBUG: Setting read timeout to None
2016/07/15 10:24:48 - DEBUG: "GET / HTTP/1.1" 200 None
2016/07/15 10:24:48 - INFO: x-xss-protection HTTP header http://challengeland.co, Details=1; mode=block, OPEN
2016/07/15 10:25:20 - INFO: Starting new HTTP connection (1): localhost
2016/07/15 10:25:20 - DEBUG: Setting read timeout to None
2016/07/15 10:25:20 - DEBUG: "GET /cursos HTTP/1.1" 301 232
2016/07/15 10:25:20 - DEBUG: Setting read timeout to None
2016/07/15 10:25:20 - DEBUG: "GET /cursos/ HTTP/1.1" 200 5
2016/07/15 10:25:20 - INFO: x-xss-protection HTTP header http://localhost/cursos, Details=0, OPEN
2016/07/15 10:25:54 - INFO: Starting new HTTP connection (1): localhost
2016/07/15 10:25:54 - DEBUG: Setting read timeout to None
2016/07/15 10:25:54 - DEBUG: "GET /cursos HTTP/1.1" 301 232
2016/07/15 10:25:54 - DEBUG: Setting read timeout to None
2016/07/15 10:25:54 - DEBUG: "GET /cursos/ HTTP/1.1" 200 5
2016/07/15 10:25:54 - INFO: x-xss-protection HTTP header http://localhost/cursos, Details=0, OPEN
2016/07/15 10:26:33 - INFO: Starting new HTTP connection (1): challengeland.co
2016/07/15 10:26:33 - DEBUG: Setting read timeout to None
2016/07/15 10:26:34 - DEBUG: "GET / HTTP/1.1" 200 None
2016/07/15 10:26:34 - INFO: x-xss-protection HTTP header http://challengeland.co/, Details=1; mode=block, OPEN
2016/07/15 10:27:23 - INFO: Starting new HTTP connection (1): challengeland.co
2016/07/15 10:27:23 - DEBUG: Setting read timeout to None
2016/07/15 10:27:24 - DEBUG: "GET / HTTP/1.1" 200 None
2016/07/15 10:27:24 - INFO: x-xss-protection HTTP header http://challengeland.co/, Details=1; mode=block, OPEN
2016/07/15 10:29:14 - INFO: Starting new HTTP connection (1): challengeland.co
2016/07/15 10:29:15 - DEBUG: Setting read timeout to None
2016/07/15 10:29:15 - DEBUG: "GET / HTTP/1.1" 200 None
2016/07/15 10:29:15 - INFO: x-xss-protection HTTP header http://challengeland.co/, Details=1; mode=block, <function <lambda> at 0x7f0308c4d0c8>
2016/07/15 10:29:47 - INFO: Starting new HTTP connection (1): challengeland.co
2016/07/15 10:29:48 - DEBUG: Setting read timeout to None
2016/07/15 10:29:48 - DEBUG: "GET / HTTP/1.1" 200 None
2016/07/15 10:29:48 - INFO: x-xss-protection HTTP header http://challengeland.co/, Details=1; mode=block, CLOSE
2016/07/15 10:30:08 - INFO: Starting new HTTP connection (1): localhost
2016/07/15 10:30:08 - DEBUG: Setting read timeout to None
2016/07/15 10:30:08 - DEBUG: "GET /cursos HTTP/1.1" 301 232
2016/07/15 10:30:08 - DEBUG: Setting read timeout to None
2016/07/15 10:30:08 - DEBUG: "GET /cursos/ HTTP/1.1" 200 5
2016/07/15 10:30:08 - INFO: x-xss-protection HTTP header http://localhost/cursos, Details=0, OPEN
2016/07/15 10:31:46 - INFO: Starting new HTTP connection (1): localhost
2016/07/15 10:31:46 - DEBUG: Setting read timeout to None
2016/07/15 10:31:46 - DEBUG: "GET /cursos HTTP/1.1" 301 232
2016/07/15 10:31:46 - DEBUG: Setting read timeout to None
2016/07/15 10:31:46 - DEBUG: "GET /cursos/ HTTP/1.1" 200 5
2016/07/15 10:31:46 - INFO: x-frame-options HTTP header http://localhost/cursos, Details=not present, OPEN
2016/07/15 10:43:51 - INFO: Starting new HTTP connection (1): localhost
2016/07/15 10:43:51 - DEBUG: Setting read timeout to None
2016/07/15 10:43:51 - DEBUG: "GET /cursos HTTP/1.1" 301 232
2016/07/15 10:43:51 - DEBUG: Setting read timeout to None
2016/07/15 10:43:51 - DEBUG: "GET /cursos/ HTTP/1.1" 200 5
2016/07/15 10:43:51 - INFO: x-frame-options HTTP header http://localhost/cursos, Details=Not Present, OPEN
2016/07/15 10:47:27 - INFO: Starting new HTTP connection (1): localhost
2016/07/15 10:47:27 - DEBUG: Setting read timeout to None
2016/07/15 10:47:27 - DEBUG: "GET /cursos HTTP/1.1" 301 232
2016/07/15 10:47:27 - DEBUG: Setting read timeout to None
2016/07/15 10:47:27 - DEBUG: "GET /cursos/ HTTP/1.1" 200 5
2016/07/15 10:47:27 - INFO: x-frame-options HTTP header http://localhost/cursos, Details=Not Present, OPEN
2016/07/15 10:47:27 - INFO: Starting new HTTP connection (1): challengeland.co
2016/07/15 10:47:27 - DEBUG: Setting read timeout to None
2016/07/15 10:47:27 - DEBUG: "GET / HTTP/1.1" 200 None
2016/07/15 10:47:27 - INFO: x-frame-options HTTP header http://challengeland.co/, Details=sameorigin, CLOSE
2016/07/15 11:07:40 - INFO: Starting new HTTP connection (1): localhost
2016/07/15 11:07:40 - DEBUG: Setting read timeout to None
2016/07/15 11:07:40 - DEBUG: "GET /cursos HTTP/1.1" 301 232
2016/07/15 11:07:40 - DEBUG: Setting read timeout to None
2016/07/15 11:07:40 - DEBUG: "GET /cursos/ HTTP/1.1" 200 5
2016/07/15 11:07:40 - INFO: x-permitted-cross-domain-policies HTTP header http://localhost/cursos, Details=master-only, OPEN
2016/07/15 11:07:40 - INFO: Starting new HTTP connection (1): challengeland.co
2016/07/15 11:07:40 - DEBUG: Setting read timeout to None
2016/07/15 11:07:40 - DEBUG: "GET / HTTP/1.1" 200 None
2016/07/15 11:07:40 - INFO: x-permitted-cross-domain-policies HTTP header http://challengeland.co/, Details=Not Present, OPEN
2016/07/15 11:09:17 - INFO: Starting new HTTP connection (1): localhost
2016/07/15 11:09:17 - DEBUG: Setting read timeout to None
2016/07/15 11:09:17 - DEBUG: "GET /cursos HTTP/1.1" 301 232
2016/07/15 11:09:17 - DEBUG: Setting read timeout to None
2016/07/15 11:09:17 - DEBUG: "GET /cursos/ HTTP/1.1" 200 5
2016/07/15 11:09:17 - INFO: x-permitted-cross-domain-policies HTTP header http://localhost/cursos, Details=master-only, OPEN
2016/07/15 11:09:17 - INFO: Starting new HTTP connection (1): challengeland.co
2016/07/15 11:09:18 - DEBUG: Setting read timeout to None
2016/07/15 11:09:18 - DEBUG: "GET / HTTP/1.1" 200 None
2016/07/15 11:09:18 - INFO: x-permitted-cross-domain-policies HTTP header http://challengeland.co/, Details=Not Present, OPEN
2016/07/15 11:10:15 - INFO: Starting new HTTP connection (1): localhost
2016/07/15 11:10:15 - DEBUG: Setting read timeout to None
2016/07/15 11:10:15 - DEBUG: "GET /cursos HTTP/1.1" 301 232
2016/07/15 11:10:15 - DEBUG: Setting read timeout to None
2016/07/15 11:10:15 - DEBUG: "GET /cursos/ HTTP/1.1" 200 5
2016/07/15 11:10:15 - INFO: x-permitted-cross-domain-policies HTTP header http://localhost/cursos, Details=master-only, OPEN
2016/07/15 11:10:15 - INFO: Starting new HTTP connection (1): challengeland.co
2016/07/15 11:10:15 - DEBUG: Setting read timeout to None
2016/07/15 11:10:15 - DEBUG: "GET / HTTP/1.1" 200 None
2016/07/15 11:10:15 - INFO: x-permitted-cross-domain-policies HTTP header http://challengeland.co/, Details=Not Present, OPEN
2016/07/15 11:10:30 - INFO: Starting new HTTP connection (1): localhost
2016/07/15 11:10:30 - DEBUG: Setting read timeout to None
2016/07/15 11:10:30 - DEBUG: "GET /cursos HTTP/1.1" 301 232
2016/07/15 11:10:30 - DEBUG: Setting read timeout to None
2016/07/15 11:10:30 - DEBUG: "GET /cursos/ HTTP/1.1" 200 5
2016/07/15 11:10:30 - INFO: x-permitted-cross-domain-policies HTTP header http://localhost/cursos, Details=master-only, OPEN
2016/07/15 11:10:30 - INFO: Starting new HTTP connection (1): challengeland.co
2016/07/15 11:10:31 - DEBUG: Setting read timeout to None
2016/07/15 11:10:31 - DEBUG: "GET / HTTP/1.1" 200 None
2016/07/15 11:10:31 - INFO: x-permitted-cross-domain-policies HTTP header http://challengeland.co/, Details=Not Present, OPEN
2016/07/15 11:10:45 - INFO: Starting new HTTP connection (1): localhost
2016/07/15 11:10:45 - DEBUG: Setting read timeout to None
2016/07/15 11:10:45 - DEBUG: "GET /cursos HTTP/1.1" 301 232
2016/07/15 11:10:45 - DEBUG: Setting read timeout to None
2016/07/15 11:10:45 - DEBUG: "GET /cursos/ HTTP/1.1" 200 5
2016/07/15 11:10:45 - INFO: x-permitted-cross-domain-policies HTTP header http://localhost/cursos, Details=master-only, OPEN
2016/07/15 11:10:45 - INFO: Starting new HTTP connection (1): challengeland.co
2016/07/15 11:10:45 - DEBUG: Setting read timeout to None
2016/07/15 11:10:45 - DEBUG: "GET / HTTP/1.1" 200 None
2016/07/15 11:10:45 - INFO: x-permitted-cross-domain-policies HTTP header http://challengeland.co/, Details=Not Present, OPEN
2016/07/15 11:11:23 - INFO: Starting new HTTP connection (1): localhost
2016/07/15 11:11:23 - DEBUG: Setting read timeout to None
2016/07/15 11:11:23 - DEBUG: "GET /cursos HTTP/1.1" 301 232
2016/07/15 11:11:23 - DEBUG: Setting read timeout to None
2016/07/15 11:11:23 - DEBUG: "GET /cursos/ HTTP/1.1" 200 5
2016/07/15 11:11:23 - INFO: x-permitted-cross-domain-policies HTTP header http://localhost/cursos, Details=master-only, OPEN
2016/07/15 11:11:23 - INFO: Starting new HTTP connection (1): challengeland.co
2016/07/15 11:11:23 - DEBUG: Setting read timeout to None
2016/07/15 11:11:24 - DEBUG: "GET / HTTP/1.1" 200 None
2016/07/15 11:11:24 - INFO: x-permitted-cross-domain-policies HTTP header http://challengeland.co/, Details=Not Present, OPEN
2016/07/15 11:11:51 - INFO: Starting new HTTP connection (1): localhost
2016/07/15 11:11:51 - DEBUG: Setting read timeout to None
2016/07/15 11:11:51 - DEBUG: "GET /cursos HTTP/1.1" 301 232
2016/07/15 11:11:51 - DEBUG: Setting read timeout to None
2016/07/15 11:11:51 - DEBUG: "GET /cursos/ HTTP/1.1" 200 5
2016/07/15 11:11:51 - INFO: x-permitted-cross-domain-policies HTTP header http://localhost/cursos, Details=master-only, CLOSE
2016/07/15 11:11:51 - INFO: Starting new HTTP connection (1): challengeland.co
2016/07/15 11:11:52 - DEBUG: Setting read timeout to None
2016/07/15 11:11:52 - DEBUG: "GET / HTTP/1.1" 200 None
2016/07/15 11:11:52 - INFO: x-permitted-cross-domain-policies HTTP header http://challengeland.co/, Details=Not Present, OPEN
2016/07/15 11:12:38 - INFO: Starting new HTTP connection (1): localhost
2016/07/15 11:12:38 - DEBUG: Setting read timeout to None
2016/07/15 11:12:38 - DEBUG: "GET /cursos HTTP/1.1" 301 232
2016/07/15 11:12:38 - DEBUG: Setting read timeout to None
2016/07/15 11:12:38 - DEBUG: "GET /cursos/ HTTP/1.1" 200 5
2016/07/15 11:12:48 - INFO: Starting new HTTP connection (1): localhost
2016/07/15 11:12:48 - DEBUG: Setting read timeout to None
2016/07/15 11:12:48 - DEBUG: "GET /cursos HTTP/1.1" 301 232
2016/07/15 11:12:48 - DEBUG: Setting read timeout to None
2016/07/15 11:12:48 - DEBUG: "GET /cursos/ HTTP/1.1" 200 5
2016/07/15 11:12:48 - INFO: x-permitted-cross-domain-policies HTTP header http://localhost/cursos, Details=master-only, CLOSE
2016/07/15 11:12:48 - INFO: Starting new HTTP connection (1): challengeland.co
2016/07/15 11:12:48 - DEBUG: Setting read timeout to None
2016/07/15 11:12:49 - DEBUG: "GET / HTTP/1.1" 200 None
2016/07/15 11:12:49 - INFO: x-permitted-cross-domain-policies HTTP header http://challengeland.co/, Details=Not Present, OPEN
2016/07/15 11:13:07 - INFO: Starting new HTTP connection (1): localhost
2016/07/15 11:13:07 - DEBUG: Setting read timeout to None
2016/07/15 11:13:07 - DEBUG: "GET /cursos HTTP/1.1" 301 232
2016/07/15 11:13:07 - DEBUG: Setting read timeout to None
2016/07/15 11:13:07 - DEBUG: "GET /cursos/ HTTP/1.1" 200 5
2016/07/15 11:13:07 - INFO: x-permitted-cross-domain-policies HTTP header http://localhost/cursos, Details=master-only, CLOSE
2016/07/15 11:13:07 - INFO: Starting new HTTP connection (1): challengeland.co
2016/07/15 11:13:07 - DEBUG: Setting read timeout to None
2016/07/15 11:13:07 - DEBUG: "GET / HTTP/1.1" 200 None
2016/07/15 11:13:07 - INFO: x-permitted-cross-domain-policies HTTP header http://challengeland.co/, Details=Not Present, OPEN
2016/07/15 11:20:36 - INFO: Starting new HTTP connection (1): localhost
2016/07/15 11:20:36 - DEBUG: Setting read timeout to None
2016/07/15 11:20:36 - DEBUG: "GET /cursos HTTP/1.1" 301 232
2016/07/15 11:20:36 - DEBUG: Setting read timeout to None
2016/07/15 11:20:36 - DEBUG: "GET /cursos/ HTTP/1.1" 200 5
2016/07/15 11:20:36 - INFO: x-content-type-options HTTP header http://localhost/cursos, Details=no-sniff, OPEN
2016/07/15 11:20:36 - INFO: Starting new HTTP connection (1): challengeland.co
2016/07/15 11:20:36 - DEBUG: Setting read timeout to None
2016/07/15 11:20:36 - DEBUG: "GET / HTTP/1.1" 200 None
2016/07/15 11:20:37 - INFO: x-content-type-options HTTP header http://challengeland.co, Details=Not Present, OPEN
2016/07/15 11:23:24 - INFO: Starting new HTTP connection (1): localhost
2016/07/15 11:23:24 - DEBUG: Setting read timeout to None
2016/07/15 11:23:24 - DEBUG: "GET /cursos HTTP/1.1" 301 232
2016/07/15 11:23:24 - DEBUG: Setting read timeout to None
2016/07/15 11:23:24 - DEBUG: "GET /cursos/ HTTP/1.1" 200 5
2016/07/15 11:23:24 - INFO: x-content-type-options HTTP header http://localhost/cursos, Details=nosniff, CLOSE
2016/07/15 11:23:24 - INFO: Starting new HTTP connection (1): challengeland.co
2016/07/15 11:23:30 - DEBUG: Setting read timeout to None
2016/07/15 11:23:30 - DEBUG: "GET / HTTP/1.1" 200 None
2016/07/15 11:23:30 - INFO: x-content-type-options HTTP header http://challengeland.co, Details=Not Present, OPEN
2016/07/15 11:39:39 - INFO: Starting new HTTP connection (1): localhost
2016/07/15 11:39:39 - DEBUG: Setting read timeout to None
2016/07/15 11:39:39 - DEBUG: "GET /cursos HTTP/1.1" 301 232
2016/07/15 11:39:39 - DEBUG: Setting read timeout to None
2016/07/15 11:39:39 - DEBUG: "GET /cursos/ HTTP/1.1" 200 5
2016/07/15 11:39:39 - INFO: pragma HTTP header http://localhost/cursos, Details=Not Present, OPEN
2016/07/15 11:39:39 - INFO: Starting new HTTP connection (1): challengeland.co
2016/07/15 11:39:39 - DEBUG: Setting read timeout to None
2016/07/15 11:39:39 - DEBUG: "GET / HTTP/1.1" 200 None
2016/07/15 11:39:39 - INFO: pragma HTTP header http://challengeland.co, Details=no-cache, CLOSE
2016/07/15 11:39:39 - INFO: Starting new HTTP connection (1): localhost
2016/07/15 11:39:39 - DEBUG: Setting read timeout to None
2016/07/15 11:39:39 - DEBUG: "GET /cursos HTTP/1.1" 301 232
2016/07/15 11:39:39 - DEBUG: Setting read timeout to None
2016/07/15 11:39:39 - DEBUG: "GET /cursos/ HTTP/1.1" 200 5
2016/07/15 11:39:39 - INFO: expires HTTP header http://localhost/cursos, Details=Not Present, OPEN
2016/07/15 11:39:39 - INFO: Starting new HTTP connection (1): challengeland.co
2016/07/15 11:39:39 - DEBUG: Setting read timeout to None
2016/07/15 11:39:40 - DEBUG: "GET / HTTP/1.1" 200 None
2016/07/15 11:39:40 - INFO: expires HTTP header http://challengeland.co, Details=Thu, 19 Nov 1981 08:52:00 GMT, OPEN
2016/07/15 11:40:12 - INFO: Starting new HTTP connection (1): localhost
2016/07/15 11:40:12 - DEBUG: Setting read timeout to None
2016/07/15 11:40:12 - DEBUG: "GET /cursos HTTP/1.1" 301 232
2016/07/15 11:40:12 - DEBUG: Setting read timeout to None
2016/07/15 11:40:12 - DEBUG: "GET /cursos/ HTTP/1.1" 200 5
2016/07/15 11:40:12 - INFO: pragma HTTP header http://localhost/cursos, Details=Not Present, OPEN
2016/07/15 11:40:12 - INFO: Starting new HTTP connection (1): challengeland.co
2016/07/15 11:40:12 - DEBUG: Setting read timeout to None
2016/07/15 11:40:12 - DEBUG: "GET / HTTP/1.1" 200 None
2016/07/15 11:40:23 - INFO: Starting new HTTP connection (1): localhost
2016/07/15 11:40:23 - DEBUG: Setting read timeout to None
2016/07/15 11:40:23 - DEBUG: "GET /cursos HTTP/1.1" 301 232
2016/07/15 11:40:23 - DEBUG: Setting read timeout to None
2016/07/15 11:40:23 - DEBUG: "GET /cursos/ HTTP/1.1" 200 5
2016/07/15 11:40:23 - INFO: pragma HTTP header http://localhost/cursos, Details=Not Present, OPEN
2016/07/15 11:40:23 - INFO: Starting new HTTP connection (1): challengeland.co
2016/07/15 11:40:23 - DEBUG: Setting read timeout to None
2016/07/15 11:40:23 - DEBUG: "GET / HTTP/1.1" 200 None
2016/07/15 11:40:23 - INFO: pragma HTTP header http://challengeland.co, Details=no-cache, CLOSE
2016/07/15 11:40:23 - INFO: Starting new HTTP connection (1): localhost
2016/07/15 11:40:23 - DEBUG: Setting read timeout to None
2016/07/15 11:40:23 - DEBUG: "GET /cursos HTTP/1.1" 301 232
2016/07/15 11:40:23 - DEBUG: Setting read timeout to None
2016/07/15 11:40:23 - DEBUG: "GET /cursos/ HTTP/1.1" 200 5
2016/07/15 11:40:23 - INFO: expires HTTP header http://localhost/cursos, Details=Not Present, OPEN
2016/07/15 11:40:23 - INFO: Starting new HTTP connection (1): challengeland.co
2016/07/15 11:40:23 - DEBUG: Setting read timeout to None
2016/07/15 11:40:23 - DEBUG: "GET / HTTP/1.1" 200 None
2016/07/15 11:40:24 - INFO: expires HTTP header http://challengeland.co, Details=Thu, 19 Nov 1981 08:52:00 GMT, OPEN
2016/07/15 11:42:04 - INFO: Starting new HTTP connection (1): localhost
2016/07/15 11:42:04 - DEBUG: Setting read timeout to None
2016/07/15 11:42:04 - DEBUG: "GET /cursos HTTP/1.1" 301 232
2016/07/15 11:42:04 - DEBUG: Setting read timeout to None
2016/07/15 11:42:04 - DEBUG: "GET /cursos/ HTTP/1.1" 200 5
2016/07/15 11:42:04 - INFO: pragma HTTP header http://localhost/cursos, Details=Not Present, OPEN
2016/07/15 11:42:04 - INFO: Starting new HTTP connection (1): challengeland.co
2016/07/15 11:42:04 - DEBUG: Setting read timeout to None
2016/07/15 11:42:04 - DEBUG: "GET / HTTP/1.1" 200 None
2016/07/15 11:42:04 - INFO: pragma HTTP header http://challengeland.co, Details=no-cache, CLOSE
2016/07/15 11:42:04 - INFO: Starting new HTTP connection (1): localhost
2016/07/15 11:42:04 - DEBUG: Setting read timeout to None
2016/07/15 11:42:04 - DEBUG: "GET /cursos HTTP/1.1" 301 232
2016/07/15 11:42:04 - DEBUG: Setting read timeout to None
2016/07/15 11:42:04 - DEBUG: "GET /cursos/ HTTP/1.1" 200 5
2016/07/15 11:42:04 - INFO: expires HTTP header http://localhost/cursos, Details=0, CLOSE
2016/07/15 11:42:04 - INFO: Starting new HTTP connection (1): challengeland.co
2016/07/15 11:42:05 - DEBUG: Setting read timeout to None
2016/07/15 11:42:05 - DEBUG: "GET / HTTP/1.1" 200 None
2016/07/15 11:42:05 - INFO: expires HTTP header http://challengeland.co, Details=Thu, 19 Nov 1981 08:52:00 GMT, OPEN
2016/07/15 11:50:19 - INFO: Starting new HTTP connection (1): challengeland.co
2016/07/15 11:50:19 - DEBUG: Setting read timeout to None
2016/07/15 11:50:19 - DEBUG: "GET / HTTP/1.1" 200 None
2016/07/15 11:50:19 - INFO: content-type HTTP header http://challengeland.co, Details=text/html; charset=UTF-8, CLOSE
2016/07/15 12:07:29 - INFO: Starting new HTTP connection (1): challengeland.co
2016/07/15 12:07:29 - DEBUG: Setting read timeout to None
2016/07/15 12:07:29 - DEBUG: "GET / HTTP/1.1" 200 None
2016/07/15 12:07:29 - INFO: content-security-policy HTTP header http://challengeland.co, Details=Not Present, OPEN
2016/07/15 12:07:29 - INFO: Starting new HTTP connection (1): localhost
2016/07/15 12:07:29 - DEBUG: Setting read timeout to None
2016/07/15 12:07:29 - DEBUG: "GET /cursos HTTP/1.1" 301 232
2016/07/15 12:07:29 - DEBUG: Setting read timeout to None
2016/07/15 12:07:29 - DEBUG: "GET /cursos/ HTTP/1.1" 200 5
2016/07/15 12:07:29 - INFO: content-security-policy HTTP header http://localhost/cursos, Details=default-src 'self';, CLOSE
2016/07/15 12:13:14 - INFO: Starting new HTTP connection (1): localhost
2016/07/15 12:13:14 - DEBUG: Setting read timeout to None
2016/07/15 12:13:14 - DEBUG: "GET /cursos HTTP/1.1" 301 232
2016/07/15 12:13:14 - DEBUG: Setting read timeout to None
2016/07/15 12:13:14 - DEBUG: "GET /cursos/ HTTP/1.1" 200 5
2016/07/15 12:13:14 - INFO: cache-control HTTP header http://localhost/cursos, Details=Not Present, OPEN
2016/07/15 12:13:14 - INFO: Starting new HTTP connection (1): challengeland.co
2016/07/15 12:13:14 - DEBUG: Setting read timeout to None
2016/07/15 12:13:15 - DEBUG: "GET / HTTP/1.1" 200 None
2016/07/15 12:13:15 - INFO: cache-control HTTP header http://challengeland.co, Details=no-store, no-cache, must-revalidate, post-check=0, pre-check=0, OPEN
2016/07/15 12:14:22 - INFO: Starting new HTTP connection (1): localhost
2016/07/15 12:14:22 - DEBUG: Setting read timeout to None
2016/07/15 12:14:22 - DEBUG: "GET /cursos HTTP/1.1" 301 232
2016/07/15 12:14:22 - DEBUG: Setting read timeout to None
2016/07/15 12:14:22 - DEBUG: "GET /cursos/ HTTP/1.1" 200 5
2016/07/15 12:14:22 - INFO: cache-control HTTP header http://localhost/cursos, Details=private, no-cache, no-store, max-age=0, no-transform, CLOSE
2016/07/15 12:14:22 - INFO: Starting new HTTP connection (1): challengeland.co
2016/07/15 12:14:23 - DEBUG: Setting read timeout to None
2016/07/15 12:14:23 - DEBUG: "GET / HTTP/1.1" 200 None
2016/07/15 12:14:23 - INFO: cache-control HTTP header http://challengeland.co, Details=no-store, no-cache, must-revalidate, post-check=0, pre-check=0, OPEN
2016/07/15 12:20:22 - INFO: Starting new HTTP connection (1): localhost
2016/07/15 12:20:22 - DEBUG: Setting read timeout to None
2016/07/15 12:20:22 - DEBUG: "GET /cursos HTTP/1.1" 301 232
2016/07/15 12:20:22 - DEBUG: Setting read timeout to None
2016/07/15 12:20:22 - DEBUG: "GET /cursos/ HTTP/1.1" 200 5
2016/07/15 12:20:22 - INFO: cache-control HTTP header http://localhost/cursos, Details=private, no-cache, no-store, max-age=0, no-transform, CLOSE
2016/07/15 12:20:22 - INFO: Starting new HTTP connection (1): challengeland.co
2016/07/15 12:20:22 - DEBUG: Setting read timeout to None
2016/07/15 12:20:22 - DEBUG: "GET / HTTP/1.1" 200 None
2016/07/15 12:20:22 - INFO: cache-control HTTP header http://challengeland.co, Details=no-store, no-cache, must-revalidate, post-check=0, pre-check=0, OPEN
2016/07/15 12:24:52 - INFO: Starting new HTTP connection (1): localhost
2016/07/15 12:24:52 - DEBUG: Setting read timeout to None
2016/07/15 12:24:52 - DEBUG: "GET /cursos HTTP/1.1" 301 232
2016/07/15 12:24:52 - DEBUG: Setting read timeout to None
2016/07/15 12:24:52 - DEBUG: "GET /cursos/ HTTP/1.1" 200 5
2016/07/15 12:24:52 - INFO: access-control-allow-origin HTTP header http://localhost/cursos, Details=https://siteA.com, CLOSE
2016/07/15 12:24:52 - INFO: Starting new HTTP connection (1): challengeland.co
2016/07/15 12:24:53 - DEBUG: Setting read timeout to None
2016/07/15 12:24:53 - DEBUG: "GET / HTTP/1.1" 200 None
2016/07/15 12:24:53 - INFO: access-control-allow-origin HTTP header http://challengeland.co, Details=Not Present, OPEN
2016/07/15 13:40:40 - INFO: Starting new HTTP connection (1): localhost
2016/07/15 13:40:40 - DEBUG: Setting read timeout to None
2016/07/15 13:40:40 - DEBUG: "GET /cursos HTTP/1.1" 301 232
2016/07/15 13:40:40 - DEBUG: Setting read timeout to None
2016/07/15 13:40:40 - DEBUG: "GET /cursos/ HTTP/1.1" 200 5
2016/07/15 13:40:40 - INFO: access-control-allow-origin HTTP header http://localhost/cursos, Details=https://siteA.com, CLOSE
2016/07/15 13:40:40 - INFO: Starting new HTTP connection (1): challengeland.co
2016/07/15 13:40:40 - DEBUG: Setting read timeout to None
2016/07/15 13:40:40 - DEBUG: "GET / HTTP/1.1" 200 None
2016/07/15 13:40:40 - INFO: access-control-allow-origin HTTP header http://challengeland.co, Details=Not Present, OPEN
2016/07/15 14:50:36 - INFO: Starting new HTTP connection (1): challengeland.co
2016/07/15 14:50:37 - DEBUG: Setting read timeout to None
2016/07/15 14:50:37 - DEBUG: "GET / HTTP/1.1" 200 None
2016/07/15 14:53:52 - INFO: Starting new HTTP connection (1): challengeland.co
2016/07/15 14:53:53 - DEBUG: Setting read timeout to None
2016/07/15 14:53:53 - DEBUG: "GET / HTTP/1.1" 200 None
2016/07/15 14:53:53 - INFO:  HTTP cookie http://challengeland.co, Details=Not Present, OPEN
2016/07/15 14:54:13 - INFO: Starting new HTTP connection (1): challengeland.co
2016/07/15 14:54:13 - DEBUG: Setting read timeout to None
2016/07/15 14:54:13 - DEBUG: "GET / HTTP/1.1" 200 None
2016/07/15 14:54:13 - INFO: test HTTP cookie http://challengeland.co, Details=Not Present, OPEN
2016/07/15 14:56:08 - INFO: Starting new HTTP connection (1): challengeland.co
2016/07/15 14:56:09 - DEBUG: Setting read timeout to None
2016/07/15 14:56:09 - DEBUG: "GET / HTTP/1.1" 200 None
2016/07/15 14:56:09 - INFO: test HTTP cookie http://challengeland.co, Details=Not Present, OPEN
2016/07/15 14:56:51 - INFO: Starting new HTTP connection (1): challengeland.co
2016/07/15 14:56:51 - DEBUG: Setting read timeout to None
2016/07/15 14:56:52 - DEBUG: "GET / HTTP/1.1" 200 None
2016/07/15 14:58:55 - INFO: Starting new HTTP connection (1): challengeland.co
2016/07/15 14:58:55 - DEBUG: Setting read timeout to None
2016/07/15 14:58:55 - DEBUG: "GET / HTTP/1.1" 200 None
2016/07/15 14:59:16 - INFO: Starting new HTTP connection (1): challengeland.co
2016/07/15 14:59:16 - DEBUG: Setting read timeout to None
2016/07/15 14:59:16 - DEBUG: "GET / HTTP/1.1" 200 None
2016/07/15 14:59:32 - INFO: Starting new HTTP connection (1): challengeland.co
2016/07/15 14:59:32 - DEBUG: Setting read timeout to None
2016/07/15 14:59:32 - DEBUG: "GET / HTTP/1.1" 200 None
2016/07/15 14:59:32 - INFO: ci_session HTTP cookie http://challengeland.co, Details=Not Present, OPEN
2016/07/15 15:38:49 - INFO: Starting new HTTP connection (1): challengeland.co
2016/07/15 15:38:49 - DEBUG: Setting read timeout to None
2016/07/15 15:38:50 - DEBUG: "GET / HTTP/1.1" 200 None
2016/07/15 15:38:50 - INFO: ci_session HTTP cookie http://challengeland.co, Details=Not Present, OPEN
2016/07/15 15:39:14 - INFO: Starting new HTTP connection (1): challengeland.co
2016/07/15 15:39:14 - DEBUG: Setting read timeout to None
2016/07/15 15:39:14 - DEBUG: "GET / HTTP/1.1" 200 None
2016/07/15 15:39:14 - INFO: ci_session HTTP cookie http://challengeland.co, Details=Not Present, OPEN
2016/07/15 15:39:36 - INFO: Starting new HTTP connection (1): challengeland.co
2016/07/15 15:39:36 - DEBUG: Setting read timeout to None
2016/07/15 15:39:37 - DEBUG: "GET / HTTP/1.1" 200 None
2016/07/15 15:39:37 - INFO: ci_session HTTP cookie http://challengeland.co, Details=Not Present, OPEN
2016/07/15 15:52:06 - INFO: Starting new HTTP connection (1): challengeland.co
2016/07/15 15:52:06 - DEBUG: Setting read timeout to None
2016/07/15 15:52:07 - DEBUG: "GET / HTTP/1.1" 200 None
2016/07/15 15:52:07 - DEBUG: Setting read timeout to None
2016/07/15 15:52:07 - DEBUG: "GET / HTTP/1.1" 200 None
2016/07/15 15:52:27 - INFO: Starting new HTTP connection (1): challengeland.co
2016/07/15 15:52:27 - DEBUG: Setting read timeout to None
2016/07/15 15:52:27 - DEBUG: "GET / HTTP/1.1" 200 None
2016/07/15 15:52:27 - DEBUG: Setting read timeout to None
2016/07/15 15:52:28 - DEBUG: "GET / HTTP/1.1" 200 None
2016/07/15 15:53:04 - INFO: Starting new HTTP connection (1): challengeland.co
2016/07/15 15:53:04 - DEBUG: Setting read timeout to None
2016/07/15 15:53:04 - DEBUG: "GET / HTTP/1.1" 200 None
2016/07/15 15:53:04 - DEBUG: Setting read timeout to None
2016/07/15 15:53:04 - DEBUG: "GET / HTTP/1.1" 200 None
2016/07/15 15:54:45 - INFO: Starting new HTTPS connection (1): msdn.microsoft.com
2016/07/15 15:54:45 - DEBUG: Setting read timeout to None
2016/07/15 15:54:47 - DEBUG: "GET /en-us/library/system.web.httpcookie.httponly(v=vs.110).aspx HTTP/1.1" 200 14917
2016/07/15 15:54:47 - DEBUG: Setting read timeout to None
2016/07/15 15:54:48 - DEBUG: "GET /en-us/library/system.web.httpcookie.httponly(v=vs.110).aspx HTTP/1.1" 200 14917
2016/07/15 15:54:48 - INFO: ci_session HTTP cookie https://msdn.microsoft.com/en-us/library/system.web.httpcookie.httponly(v=vs.110).aspx, Details=Not Present, OPEN
2016/07/15 16:33:30 - INFO: Starting new HTTP connection (1): localhost
2016/07/15 16:33:30 - DEBUG: Setting read timeout to None
2016/07/15 16:33:30 - DEBUG: "GET /fluidopens/BasicAuth/ HTTP/1.1" 401 None
2016/07/15 16:33:30 - INFO: Starting new HTTP connection (1): localhost
2016/07/15 16:33:30 - DEBUG: Setting read timeout to None
2016/07/15 16:33:30 - DEBUG: "GET /fluidopens/BasicAuth/ HTTP/1.1" 200 922
2016/07/15 16:34:12 - INFO: Starting new HTTP connection (1): localhost
2016/07/15 16:34:12 - DEBUG: Setting read timeout to None
2016/07/15 16:34:12 - DEBUG: "GET /fluidopens/BasicAuth/ HTTP/1.1" 401 None
2016/07/15 16:34:22 - INFO: Starting new HTTP connection (1): localhost
2016/07/15 16:34:22 - DEBUG: Setting read timeout to None
2016/07/15 16:34:22 - DEBUG: "GET /fluidopens/BasicAuth/ HTTP/1.1" 401 None
2016/07/15 16:34:22 - INFO: Starting new HTTP connection (1): localhost
2016/07/15 16:34:22 - DEBUG: Setting read timeout to None
2016/07/15 16:34:22 - DEBUG: "GET /fluidopens/BasicAuth/ HTTP/1.1" 200 922
2016/07/15 16:34:35 - INFO: Starting new HTTP connection (1): localhost
2016/07/15 16:34:35 - DEBUG: Setting read timeout to None
2016/07/15 16:34:35 - DEBUG: "GET /fluidopens/BasicAuth/ HTTP/1.1" 401 None
2016/07/15 16:34:35 - INFO: Starting new HTTP connection (1): localhost
2016/07/15 16:34:35 - DEBUG: Setting read timeout to None
2016/07/15 16:34:35 - DEBUG: "GET /fluidopens/BasicAuth/ HTTP/1.1" 200 922
2016/07/15 16:37:08 - INFO: Starting new HTTP connection (1): localhost
2016/07/15 16:37:08 - DEBUG: Setting read timeout to None
2016/07/15 16:37:08 - DEBUG: "GET /fluidopens/BasicAuth/ HTTP/1.1" 401 None
2016/07/15 16:37:08 - INFO: Starting new HTTP connection (1): localhost
2016/07/15 16:37:08 - DEBUG: Setting read timeout to None
2016/07/15 16:37:08 - DEBUG: "GET /fluidopens/BasicAuth/ HTTP/1.1" 401 None
2016/07/15 16:37:08 - INFO: Starting new HTTP connection (1): localhost
2016/07/15 16:37:08 - DEBUG: Setting read timeout to None
2016/07/15 16:37:08 - DEBUG: "GET /fluidopens/BasicAuth/ HTTP/1.1" 200 922
2016/07/15 16:37:08 - INFO: Starting new HTTP connection (1): localhost
2016/07/15 16:37:08 - DEBUG: Setting read timeout to None
2016/07/15 16:37:08 - DEBUG: "GET /fluidopens/BasicAuth/ HTTP/1.1" 401 None
2016/07/15 16:37:08 - INFO: HTTP Basic Auth http://localhost/fluidopens/BasicAuth/, Details=Succes with Admin:1234, OPEN
2016/07/15 16:40:09 - INFO: Starting new HTTP connection (1): localhost
2016/07/15 16:40:09 - DEBUG: Setting read timeout to None
2016/07/15 16:40:09 - DEBUG: "GET /fluidopens/BasicAuth/ HTTP/1.1" 401 None
2016/07/15 16:40:09 - INFO: Starting new HTTP connection (1): localhost
2016/07/15 16:40:09 - DEBUG: Setting read timeout to None
2016/07/15 16:40:09 - DEBUG: "GET /fluidopens/BasicAuth/ HTTP/1.1" 401 None
2016/07/15 16:40:09 - INFO: HTTP Basic Auth http://localhost/fluidopens/BasicAuth/, Details=Fail with [ root:1234 ], CLOSE
2016/07/15 16:40:09 - INFO: Starting new HTTP connection (1): localhost
2016/07/15 16:40:09 - DEBUG: Setting read timeout to None
2016/07/15 16:40:09 - DEBUG: "GET /fluidopens/BasicAuth/ HTTP/1.1" 200 922
2016/07/15 16:40:09 - INFO: Starting new HTTP connection (1): localhost
2016/07/15 16:40:09 - DEBUG: Setting read timeout to None
2016/07/15 16:40:09 - DEBUG: "GET /fluidopens/BasicAuth/ HTTP/1.1" 401 None
2016/07/15 16:40:09 - INFO: HTTP Basic Auth http://localhost/fluidopens/BasicAuth/, Details=Success with [ Admin:1234 ], OPEN
2016/07/15 16:41:03 - INFO: Starting new HTTP connection (1): localhost
2016/07/15 16:41:03 - DEBUG: Setting read timeout to None
2016/07/15 16:41:03 - DEBUG: "GET /fluidopens/BasicAuth/ HTTP/1.1" 401 None
2016/07/15 16:41:03 - INFO: Starting new HTTP connection (1): localhost
2016/07/15 16:41:03 - DEBUG: Setting read timeout to None
2016/07/15 16:41:03 - DEBUG: "GET /fluidopens/BasicAuth/ HTTP/1.1" 401 None
2016/07/15 16:41:03 - INFO: HTTP Basic Auth http://localhost/fluidopens/BasicAuth/, Details=Fail with [ root : 1234 ], CLOSE
2016/07/15 16:41:03 - INFO: Starting new HTTP connection (1): localhost
2016/07/15 16:41:03 - DEBUG: Setting read timeout to None
2016/07/15 16:41:03 - DEBUG: "GET /fluidopens/BasicAuth/ HTTP/1.1" 200 922
2016/07/15 16:41:03 - INFO: Starting new HTTP connection (1): localhost
2016/07/15 16:41:03 - DEBUG: Setting read timeout to None
2016/07/15 16:41:03 - DEBUG: "GET /fluidopens/BasicAuth/ HTTP/1.1" 401 None
2016/07/15 16:41:03 - INFO: HTTP Basic Auth http://localhost/fluidopens/BasicAuth/, Details=Success with [ Admin : 1234 ], OPEN
2016/07/15 16:56:04 - INFO: Starting new HTTP connection (1): challengeland.co
2016/07/15 16:56:05 - DEBUG: Setting read timeout to None
2016/07/15 16:56:05 - DEBUG: "GET / HTTP/1.1" 200 None
2016/07/15 16:56:24 - INFO: Starting new HTTP connection (1): challengeland.co
2016/07/15 16:56:24 - DEBUG: Setting read timeout to None
2016/07/15 16:56:25 - DEBUG: "GET / HTTP/1.1" 200 None
2016/07/15 16:56:50 - INFO: Starting new HTTP connection (1): challengeland.co
2016/07/15 16:56:51 - DEBUG: Setting read timeout to None
2016/07/15 16:56:51 - DEBUG: "GET / HTTP/1.1" 200 None
2016/07/15 17:00:20 - INFO: Starting new HTTP connection (1): challengeland.co
2016/07/15 17:00:20 - DEBUG: Setting read timeout to None
2016/07/15 17:00:20 - DEBUG: "GET / HTTP/1.1" 200 None
2016/07/15 17:00:41 - INFO: Starting new HTTP connection (1): challengeland.co
2016/07/15 17:00:41 - DEBUG: Setting read timeout to None
2016/07/15 17:00:42 - DEBUG: "GET / HTTP/1.1" 200 None
2016/07/15 17:00:42 - INFO: ci_session HTTP cookie http://challengeland.co, Details=Not Present, OPEN
2016/07/15 17:03:10 - INFO: Starting new HTTP connection (1): challengeland.co
2016/07/15 17:03:11 - DEBUG: Setting read timeout to None
2016/07/15 17:03:11 - DEBUG: "GET / HTTP/1.1" 200 None
2016/07/15 17:03:11 - INFO: Starting new HTTP connection (1): challengeland.co
2016/07/15 17:03:11 - DEBUG: Setting read timeout to None
2016/07/15 17:03:11 - DEBUG: "GET / HTTP/1.1" 200 None
2016/07/15 17:03:11 - INFO: ci_session HTTP cookie http://challengeland.co, Details=Not Present, OPEN
2016/07/15 17:10:25 - INFO: Starting new HTTP connection (1): challengeland.co
2016/07/15 17:10:25 - DEBUG: Setting read timeout to None
2016/07/15 17:10:25 - DEBUG: "GET / HTTP/1.1" 200 None
2016/07/15 17:14:45 - INFO: Starting new HTTP connection (1): challengeland.co
2016/07/15 17:14:46 - DEBUG: Setting read timeout to None
2016/07/15 17:14:46 - DEBUG: "GET / HTTP/1.1" 200 None
2016/07/15 17:14:46 - INFO: ci_session HTTP cookie http://challengeland.co, Details=Not Present, OPEN
2016/07/15 17:18:26 - INFO: Starting new HTTP connection (1): challengeland.co
2016/07/15 17:18:26 - DEBUG: Setting read timeout to None
2016/07/15 17:18:26 - DEBUG: "GET / HTTP/1.1" 200 None
2016/07/15 17:18:26 - INFO: ci_session HTTP cookie http://challengeland.co, Details=Not Present, OPEN
